This is e-pTeX, Version 3.14159265-p3.7.2-170924-2.6 (sjis) (TeX Live 2017/W32TeX) (preloaded format=platex 2017.12.1)  14 DEC 2017 16:21
entering extended mode
 restricted \write18 enabled.
 file:line:error style messages enabled.
 %&-line parsing enabled.
**./title.tex
(./title.tex
pLaTeX2e <2017/10/28>+2 (based on LaTeX2e <2017-04-15>)
Babel <3.15> and hyphenation patterns for 84 language(s) loaded.

./title.tex:2: LaTeX Error: Missing \begin{document}.

See the LaTeX manual or LaTeX Companion for explanation.
Type  H <return>  for immediate help.
 ...                                              
                                                  
l.2 \begin{center}
                  
You're in trouble here.  Try typing  <return>  to proceed.
If that doesn't work, type  X <return>  to quit.


Overfull \hbox (20.0pt too wide) in paragraph at lines 2--2
[] 
 []

./title.tex:4: Undefined control sequence.
l.4 \LARGE
          
The control sequence at the end of the top line
of your error message was never \def'ed. If you have
misspelled it (e.g., `\hobx'), type `I' and the correct
spelling (e.g., `I\hbox'). Otherwise just continue,
and I'll forget about whatever was undefined.


Overfull \hbox (9.62216pt too wide) in paragraph at lines 5--5
 \JY1/mc/m/n/10 筑 
 []


Overfull \hbox (9.62216pt too wide) in paragraph at lines 5--5
 \JY1/mc/m/n/10 波 
 []


Overfull \hbox (9.62216pt too wide) in paragraph at lines 5--5
 \JY1/mc/m/n/10 大 
 []


Overfull \hbox (9.62216pt too wide) in paragraph at lines 5--5
 \JY1/mc/m/n/10 学 
 []


Overfull \hbox (9.62216pt too wide) in paragraph at lines 5--5
 \JY1/mc/m/n/10 大 
 []


Overfull \hbox (9.62216pt too wide) in paragraph at lines 5--5
 \JY1/mc/m/n/10 学 
 []


Overfull \hbox (9.62216pt too wide) in paragraph at lines 5--5
 \JY1/mc/m/n/10 院 
 []


Overfull \hbox (9.62216pt too wide) in paragraph at lines 5--5
 \JY1/mc/m/n/10 博 
 []


Overfull \hbox (9.62216pt too wide) in paragraph at lines 5--5
 \JY1/mc/m/n/10 士 
 []


Overfull \hbox (9.62216pt too wide) in paragraph at lines 5--5
 \JY1/mc/m/n/10 前 
 []


Overfull \hbox (9.62216pt too wide) in paragraph at lines 5--5
 \JY1/mc/m/n/10 期 
 []


Overfull \hbox (9.62216pt too wide) in paragraph at lines 5--5
 \JY1/mc/m/n/10 課 
 []


Overfull \hbox (9.62216pt too wide) in paragraph at lines 5--5
 \JY1/mc/m/n/10 程 
 []


Overfull \hbox (9.62216pt too wide) in paragraph at lines 7--7
 \JY1/mc/m/n/10 数 
 []


Overfull \hbox (9.62216pt too wide) in paragraph at lines 7--7
 \JY1/mc/m/n/10 理 
 []


Overfull \hbox (9.62216pt too wide) in paragraph at lines 7--7
 \JY1/mc/m/n/10 物 
 []


Overfull \hbox (9.62216pt too wide) in paragraph at lines 7--7
 \JY1/mc/m/n/10 質 
 []


Overfull \hbox (9.62216pt too wide) in paragraph at lines 7--7
 \JY1/mc/m/n/10 科 
 []


Overfull \hbox (9.62216pt too wide) in paragraph at lines 7--7
 \JY1/mc/m/n/10 学 
 []


Overfull \hbox (9.62216pt too wide) in paragraph at lines 7--7
 \JY1/mc/m/n/10 研 
 []


Overfull \hbox (9.62216pt too wide) in paragraph at lines 7--7
 \JY1/mc/m/n/10 究 
 []


Overfull \hbox (9.62216pt too wide) in paragraph at lines 7--7
 \JY1/mc/m/n/10 科 
 []


Overfull \hbox (9.62216pt too wide) in paragraph at lines 7--7
 \JY1/mc/m/n/10 修 
 []


Overfull \hbox (9.62216pt too wide) in paragraph at lines 7--7
 \JY1/mc/m/n/10 士 
 []


Overfull \hbox (9.62216pt too wide) in paragraph at lines 7--7
 \JY1/mc/m/n/10 論 
 []


Overfull \hbox (9.62216pt too wide) in paragraph at lines 7--7
 \JY1/mc/m/n/10 文 
 []

./title.tex:8: Undefined control sequence.
<recently read> \LARGE 
                       
l.8 \LARGE
          
The control sequence at the end of the top line
of your error message was never \def'ed. If you have
misspelled it (e.g., `\hobx'), type `I' and the correct
spelling (e.g., `I\hbox'). Otherwise just continue,
and I'll forget about whatever was undefined.


Overfull \hbox (9.62216pt too wide) in paragraph at lines 10--10
 \JY1/mc/m/n/10 テ 
 []


Overfull \hbox (9.62216pt too wide) in paragraph at lines 10--10
 \JY1/mc/m/n/10 ス 
 []


Overfull \hbox (9.62216pt too wide) in paragraph at lines 10--10
 \JY1/mc/m/n/10 ト 
 []


Overfull \hbox (18.74432pt too wide) in paragraph at lines 10--10
 \JY1/mc/m/n/10 ビ ー 
 []


Overfull \hbox (9.62216pt too wide) in paragraph at lines 10--10
 \JY1/mc/m/n/10 ム 
 []


Overfull \hbox (9.62216pt too wide) in paragraph at lines 10--10
 \JY1/mc/m/n/10 に 
 []


Overfull \hbox (9.62216pt too wide) in paragraph at lines 10--10
 \JY1/mc/m/n/10 よ 
 []


Overfull \hbox (9.62216pt too wide) in paragraph at lines 10--10
 \JY1/mc/m/n/10 る 
 []


Overfull \hbox (9.62216pt too wide) in paragraph at lines 11--11
 \JY1/mc/m/n/10 高 
 []


Overfull \hbox (9.62216pt too wide) in paragraph at lines 11--11
 \JY1/mc/m/n/10 精 
 []


Overfull \hbox (9.62216pt too wide) in paragraph at lines 11--11
 \JY1/mc/m/n/10 細 
 []


Overfull \hbox (16.94449pt too wide) in paragraph at lines 11--11
 \OT1/cmr/m/n/10 SOI 
 []


Overfull \hbox (9.62216pt too wide) in paragraph at lines 11--11
 \JY1/mc/m/n/10 ピ 
 []


Overfull \hbox (9.62216pt too wide) in paragraph at lines 11--11
 \JY1/mc/m/n/10 ク 
 []


Overfull \hbox (9.62216pt too wide) in paragraph at lines 11--11
 \JY1/mc/m/n/10 セ 
 []


Overfull \hbox (9.62216pt too wide) in paragraph at lines 11--11
 \JY1/mc/m/n/10 ル 
 []


Overfull \hbox (9.62216pt too wide) in paragraph at lines 11--11
 \JY1/mc/m/n/10 検 
 []


Overfull \hbox (9.62216pt too wide) in paragraph at lines 11--11
 \JY1/mc/m/n/10 出 
 []


Overfull \hbox (9.62216pt too wide) in paragraph at lines 11--11
 \JY1/mc/m/n/10 器 
 []


Overfull \hbox (9.62216pt too wide) in paragraph at lines 11--11
 \JY1/mc/m/n/10 の 
 []


Overfull \hbox (9.62216pt too wide) in paragraph at lines 11--11
 \JY1/mc/m/n/10 性 
 []


Overfull \hbox (9.62216pt too wide) in paragraph at lines 11--11
 \JY1/mc/m/n/10 能 
 []


Overfull \hbox (9.62216pt too wide) in paragraph at lines 11--11
 \JY1/mc/m/n/10 評 
 []


Overfull \hbox (9.62216pt too wide) in paragraph at lines 11--11
 \JY1/mc/m/n/10 価 
 []

./title.tex:13: Undefined control sequence.
l.13 \LARGE
           
The control sequence at the end of the top line
of your error message was never \def'ed. If you have
misspelled it (e.g., `\hobx'), type `I' and the correct
spelling (e.g., `I\hbox'). Otherwise just continue,
and I'll forget about whatever was undefined.


Overfull \hbox (9.62216pt too wide) in paragraph at lines 14--14
 \JY1/mc/m/n/10 遠 
 []


Overfull \hbox (9.62216pt too wide) in paragraph at lines 14--14
 \JY1/mc/m/n/10 藤 
 []


Overfull \hbox (9.62216pt too wide) in paragraph at lines 14--14
 \JY1/mc/m/n/10 駿 
 []


Overfull \hbox (9.62216pt too wide) in paragraph at lines 15--16
 \JY1/mc/m/n/10 物 
 []


Overfull \hbox (9.62216pt too wide) in paragraph at lines 15--16
 \JY1/mc/m/n/10 理 
 []


Overfull \hbox (9.62216pt too wide) in paragraph at lines 15--16
 \JY1/mc/m/n/10 学 
 []


Overfull \hbox (9.62216pt too wide) in paragraph at lines 15--16
 \JY1/mc/m/n/10 専 
 []


Overfull \hbox (9.62216pt too wide) in paragraph at lines 15--16
 \JY1/mc/m/n/10 攻 
 []


Underfull \vbox (badness 10000) has occurred while \output is active []



./title.tex:16: LaTeX Error: The font size command \normalsize is not defined:
               there is probably something wrong with the class file.

See the LaTeX manual or LaTeX Companion for explanation.
Type  H <return>  for immediate help.
 ...                                              
                                                  
l.16 \\
       
Your command was ignored.
Type  I <command> <return>  to replace it with another command,
or  <return>  to continue without it.

[1]
Overfull \hbox (20.00006pt too wide) in paragraph at lines 18--18
 []\OT1/cmr/m/n/10 2018 
 []


Overfull \hbox (9.62216pt too wide) in paragraph at lines 18--18
 \JY1/mc/m/n/10 年 
 []


Overfull \hbox (5.00002pt too wide) in paragraph at lines 18--18
 \OT1/cmr/m/n/10 2 
 []


Overfull \hbox (9.62216pt too wide) in paragraph at lines 18--18
 \JY1/mc/m/n/10 月 
 []

./title.tex:19: Undefined control sequence.
<recently read> \rm 
                    
l.19 \rm
        
The control sequence at the end of the top line
of your error message was never \def'ed. If you have
misspelled it (e.g., `\hobx'), type `I' and the correct
spelling (e.g., `I\hbox'). Otherwise just continue,
and I'll forget about whatever was undefined.


./title.tex:20: LaTeX Error: The font size command \normalsize is not defined:
               there is probably something wrong with the class file.

See the LaTeX manual or LaTeX Companion for explanation.
Type  H <return>  for immediate help.
 ...                                              
                                                  
l.20 \newpage
             
Your command was ignored.
Type  I <command> <return>  to replace it with another command,
or  <return>  to continue without it.

[2]

./title.tex:22: LaTeX Error: The font size command \normalsize is not defined:
               there is probably something wrong with the class file.

See the LaTeX manual or LaTeX Companion for explanation.
Type  H <return>  for immediate help.
 ...                                              
                                                  
l.22 \mbox{}\newpage
                    
Your command was ignored.
Type  I <command> <return>  to replace it with another command,
or  <return>  to continue without it.

[3]
./title.tex:27: Undefined control sequence.
l.27 \LARGE
           
The control sequence at the end of the top line
of your error message was never \def'ed. If you have
misspelled it (e.g., `\hobx'), type `I' and the correct
spelling (e.g., `I\hbox'). Otherwise just continue,
and I'll forget about whatever was undefined.


Overfull \hbox (9.62216pt too wide) in paragraph at lines 29--29
 \JY1/mc/m/n/10 卒 
 []


Overfull \hbox (9.62216pt too wide) in paragraph at lines 29--29
 \JY1/mc/m/n/10 業 
 []


Overfull \hbox (9.62216pt too wide) in paragraph at lines 29--29
 \JY1/mc/m/n/10 論 
 []


Overfull \hbox (9.62216pt too wide) in paragraph at lines 29--29
 \JY1/mc/m/n/10 文 
 []

./title.tex:30: Undefined control sequence.
<recently read> \LARGE 
                       
l.30 \LARGE
           
The control sequence at the end of the top line
of your error message was never \def'ed. If you have
misspelled it (e.g., `\hobx'), type `I' and the correct
spelling (e.g., `I\hbox'). Otherwise just continue,
and I'll forget about whatever was undefined.


Overfull \hbox (9.62216pt too wide) in paragraph at lines 32--32
 \JY1/mc/m/n/10 テ 
 []


Overfull \hbox (9.62216pt too wide) in paragraph at lines 32--32
 \JY1/mc/m/n/10 ス 
 []


Overfull \hbox (9.62216pt too wide) in paragraph at lines 32--32
 \JY1/mc/m/n/10 ト 
 []


Overfull \hbox (18.74432pt too wide) in paragraph at lines 32--32
 \JY1/mc/m/n/10 ビ ー 
 []


Overfull \hbox (9.62216pt too wide) in paragraph at lines 32--32
 \JY1/mc/m/n/10 ム 
 []


Overfull \hbox (9.62216pt too wide) in paragraph at lines 32--32
 \JY1/mc/m/n/10 に 
 []


Overfull \hbox (9.62216pt too wide) in paragraph at lines 32--32
 \JY1/mc/m/n/10 よ 
 []


Overfull \hbox (9.62216pt too wide) in paragraph at lines 32--32
 \JY1/mc/m/n/10 る 
 []


Overfull \hbox (9.62216pt too wide) in paragraph at lines 33--33
 \JY1/mc/m/n/10 高 
 []


Overfull \hbox (9.62216pt too wide) in paragraph at lines 33--33
 \JY1/mc/m/n/10 精 
 []


Overfull \hbox (9.62216pt too wide) in paragraph at lines 33--33
 \JY1/mc/m/n/10 細 
 []


Overfull \hbox (16.94449pt too wide) in paragraph at lines 33--33
 \OT1/cmr/m/n/10 SOI 
 []


Overfull \hbox (9.62216pt too wide) in paragraph at lines 33--33
 \JY1/mc/m/n/10 ピ 
 []


Overfull \hbox (9.62216pt too wide) in paragraph at lines 33--33
 \JY1/mc/m/n/10 ク 
 []


Overfull \hbox (9.62216pt too wide) in paragraph at lines 33--33
 \JY1/mc/m/n/10 セ 
 []


Overfull \hbox (9.62216pt too wide) in paragraph at lines 33--33
 \JY1/mc/m/n/10 ル 
 []


Overfull \hbox (9.62216pt too wide) in paragraph at lines 33--33
 \JY1/mc/m/n/10 検 
 []


Overfull \hbox (9.62216pt too wide) in paragraph at lines 33--33
 \JY1/mc/m/n/10 出 
 []


Overfull \hbox (9.62216pt too wide) in paragraph at lines 33--33
 \JY1/mc/m/n/10 器 
 []


Overfull \hbox (9.62216pt too wide) in paragraph at lines 33--33
 \JY1/mc/m/n/10 の 
 []


Overfull \hbox (9.62216pt too wide) in paragraph at lines 33--33
 \JY1/mc/m/n/10 性 
 []


Overfull \hbox (9.62216pt too wide) in paragraph at lines 33--33
 \JY1/mc/m/n/10 能 
 []


Overfull \hbox (9.62216pt too wide) in paragraph at lines 33--33
 \JY1/mc/m/n/10 評 
 []


Overfull \hbox (9.62216pt too wide) in paragraph at lines 33--33
 \JY1/mc/m/n/10 価 
 []

./title.tex:35: Undefined control sequence.
l.35 \LARGE
           
The control sequence at the end of the top line
of your error message was never \def'ed. If you have
misspelled it (e.g., `\hobx'), type `I' and the correct
spelling (e.g., `I\hbox'). Otherwise just continue,
and I'll forget about whatever was undefined.


Overfull \hbox (9.62216pt too wide) in paragraph at lines 36--36
 \JY1/mc/m/n/10 遠 
 []


Overfull \hbox (9.62216pt too wide) in paragraph at lines 36--36
 \JY1/mc/m/n/10 藤 
 []


Overfull \hbox (9.62216pt too wide) in paragraph at lines 36--36
 \JY1/mc/m/n/10 駿 
 []


Overfull \hbox (9.62216pt too wide) in paragraph at lines 37--38
 \JY1/mc/m/n/10 物 
 []


Overfull \hbox (9.62216pt too wide) in paragraph at lines 37--38
 \JY1/mc/m/n/10 理 
 []


Overfull \hbox (9.62216pt too wide) in paragraph at lines 37--38
 \JY1/mc/m/n/10 学 
 []


Overfull \hbox (9.62216pt too wide) in paragraph at lines 37--38
 \JY1/mc/m/n/10 専 
 []


Overfull \hbox (9.62216pt too wide) in paragraph at lines 37--38
 \JY1/mc/m/n/10 攻 
 []


Overfull \hbox (9.62216pt too wide) in paragraph at lines 40--40
 \JY1/mc/m/n/10 指 
 []


Overfull \hbox (9.62216pt too wide) in paragraph at lines 40--40
 \JY1/mc/m/n/10 導 
 []


Overfull \hbox (9.62216pt too wide) in paragraph at lines 40--40
 \JY1/mc/m/n/10 教 
 []


Overfull \hbox (9.62216pt too wide) in paragraph at lines 40--40
 \JY1/mc/m/n/10 員 
 []


Overfull \hbox (9.62216pt too wide) in paragraph at lines 40--40
 \JY1/mc/m/n/10 　 
 []


Overfull \hbox (9.62216pt too wide) in paragraph at lines 40--40
 \JY1/mc/m/n/10 受 
 []


Overfull \hbox (9.62216pt too wide) in paragraph at lines 40--40
 \JY1/mc/m/n/10 川 
 []


Overfull \hbox (9.62216pt too wide) in paragraph at lines 40--40
 \JY1/mc/m/n/10 史 
 []


Overfull \hbox (9.62216pt too wide) in paragraph at lines 40--40
 \JY1/mc/m/n/10 彦 
 []


Overfull \hbox (9.62216pt too wide) in paragraph at lines 40--40
 \JY1/mc/m/n/10 　 
 []


Overfull \hbox (9.62216pt too wide) in paragraph at lines 40--40
 \JY1/mc/m/n/10 印 
 []

./title.tex:42: Undefined control sequence.
l.42 \rm
        
The control sequence at the end of the top line
of your error message was never \def'ed. If you have
misspelled it (e.g., `\hobx'), type `I' and the correct
spelling (e.g., `I\hbox'). Otherwise just continue,
and I'll forget about whatever was undefined.


./title.tex:44: LaTeX Error: The font size command \normalsize is not defined:
               there is probably something wrong with the class file.

See the LaTeX manual or LaTeX Companion for explanation.
Type  H <return>  for immediate help.
 ...                                              
                                                  
l.44 \newpage
             
Your command was ignored.
Type  I <command> <return>  to replace it with another command,
or  <return>  to continue without it.

[4]
Overfull \hbox (20.0pt too wide) in paragraph at lines 46--46
[][] 
 []


./title.tex:46: LaTeX Error: The font size command \normalsize is not defined:
               there is probably something wrong with the class file.

See the LaTeX manual or LaTeX Companion for explanation.
Type  H <return>  for immediate help.
 ...                                              
                                                  
l.46 \mbox{}\newpage
                    
Your command was ignored.
Type  I <command> <return>  to replace it with another command,
or  <return>  to continue without it.

[5])
! Emergency stop.
<*> ./title.tex
               
*** (job aborted, no legal \end found)

 
Here is how much of TeX's memory you used:
 6 strings out of 493628
 47 string characters out of 6150204
 57306 words of memory out of 5000000
 3703 multiletter control sequences out of 15000+600000
 7511 words of font info for 31 fonts, out of 8000000 for 9000
 929 hyphenation exceptions out of 8191
 18i,4n,10p,49b,158s stack positions out of 5000i,500n,10000p,500000b,80000s
Output written on title.dvi (5 pages, 1220 bytes).
