This is e-pTeX, Version 3.14159265-p3.8.1-180226-2.6 (utf8.sjis) (TeX Live 2018/W32TeX) (preloaded format=platex 2018.11.20)  27 NOV 2018 18:27
entering extended mode
 restricted \write18 enabled.
 %&-line parsing enabled.
**kotaro_gstudy.tex
(./kotaro_gstudy.tex
pLaTeX2e <2018-07-28>+1 (based on LaTeX2e <2018-04-01> patch level 5)
(c:/texlive/2018/texmf-dist/tex/platex/base/jreport.cls
Document Class: jreport 2018/07/03 v1.8 Standard pLaTeX class
\c@@paper=\count83
(c:/texlive/2018/texmf-dist/tex/platex/base/jsize11.clo
File: jsize11.clo 2018/07/03 v1.8 Standard pLaTeX file (size option)
)
\c@part=\count84
\c@chapter=\count85
\c@section=\count86
\c@subsection=\count87
\c@subsubsection=\count88
\c@paragraph=\count89
\c@subparagraph=\count90
\c@figure=\count91
\c@table=\count92
\abovecaptionskip=\skip41
\belowcaptionskip=\skip42
\symmincho=\mathgroup4
LaTeX Font Info:    Overwriting symbol font `mincho' in version `bold'
(Font)                  JY1/mc/m/n --> JY1/gt/m/n on input line 703.
\toclineskip=\dimen118
\@lnumwidth=\dimen119
\bibindent=\dimen120
\heisei=\count93
)
(c:/texlive/2018/texmf-dist/tex/latex/amsmath/amsmath.sty
Package: amsmath 2017/09/02 v2.17a AMS math features
\@mathmargin=\skip43

For additional information on amsmath, use the `?' option.
(c:/texlive/2018/texmf-dist/tex/latex/amsmath/amstext.sty
Package: amstext 2000/06/29 v2.01 AMS text

(c:/texlive/2018/texmf-dist/tex/latex/amsmath/amsgen.sty
File: amsgen.sty 1999/11/30 v2.0 generic functions
\@emptytoks=\toks15
\ex@=\dimen121
))
(c:/texlive/2018/texmf-dist/tex/latex/amsmath/amsbsy.sty
Package: amsbsy 1999/11/29 v1.2d Bold Symbols
\pmbraise@=\dimen122
)
(c:/texlive/2018/texmf-dist/tex/latex/amsmath/amsopn.sty
Package: amsopn 2016/03/08 v2.02 operator names
)
\inf@bad=\count94
LaTeX Info: Redefining \frac on input line 213.
\uproot@=\count95
\leftroot@=\count96
LaTeX Info: Redefining \overline on input line 375.
\classnum@=\count97
\DOTSCASE@=\count98
LaTeX Info: Redefining \ldots on input line 472.
LaTeX Info: Redefining \dots on input line 475.
LaTeX Info: Redefining \cdots on input line 596.
\Mathstrutbox@=\box42
\strutbox@=\box43
\big@size=\dimen123
LaTeX Font Info:    Redeclaring font encoding OML on input line 712.
LaTeX Font Info:    Redeclaring font encoding OMS on input line 713.
\macc@depth=\count99
\c@MaxMatrixCols=\count100
\dotsspace@=\muskip10
\c@parentequation=\count101
\dspbrk@lvl=\count102
\tag@help=\toks16
\row@=\count103
\column@=\count104
\maxfields@=\count105
\andhelp@=\toks17
\eqnshift@=\dimen124
\alignsep@=\dimen125
\tagshift@=\dimen126
\tagwidth@=\dimen127
\totwidth@=\dimen128
\lineht@=\dimen129
\@envbody=\toks18
\multlinegap=\skip44
\multlinetaggap=\skip45
\mathdisplay@stack=\toks19
LaTeX Info: Redefining \[ on input line 2817.
LaTeX Info: Redefining \] on input line 2818.
)
(c:/texlive/2018/texmf-dist/tex/latex/amsfonts/amssymb.sty
Package: amssymb 2013/01/14 v3.01 AMS font symbols

(c:/texlive/2018/texmf-dist/tex/latex/amsfonts/amsfonts.sty
Package: amsfonts 2013/01/14 v3.01 Basic AMSFonts support
\symAMSa=\mathgroup5
\symAMSb=\mathgroup6
LaTeX Font Info:    Overwriting math alphabet `\mathfrak' in version `bold'
(Font)                  U/euf/m/n --> U/euf/b/n on input line 106.
))
(c:/texlive/2018/texmf-dist/tex/latex/tools/bm.sty
Package: bm 2017/01/16 v1.2c Bold Symbol Support (DPC/FMi)
\symboldoperators=\mathgroup7
\symboldletters=\mathgroup8
\symboldsymbols=\mathgroup9
\symboldmincho=\mathgroup10
LaTeX Font Info:    Redeclaring math alphabet \mathbf on input line 141.
LaTeX Info: Redefining \bm on input line 207.
)
(c:/texlive/2018/texmf-dist/tex/latex/graphics/graphicx.sty
Package: graphicx 2017/06/01 v1.1a Enhanced LaTeX Graphics (DPC,SPQR)

(c:/texlive/2018/texmf-dist/tex/latex/graphics/keyval.sty
Package: keyval 2014/10/28 v1.15 key=value parser (DPC)
\KV@toks@=\toks20
)
(c:/texlive/2018/texmf-dist/tex/latex/graphics/graphics.sty
Package: graphics 2017/06/25 v1.2c Standard LaTeX Graphics (DPC,SPQR)

(c:/texlive/2018/texmf-dist/tex/latex/graphics/trig.sty
Package: trig 2016/01/03 v1.10 sin cos tan (DPC)
)
(c:/texlive/2018/texmf-dist/tex/latex/graphics-cfg/graphics.cfg
File: graphics.cfg 2016/06/04 v1.11 sample graphics configuration
)
Package graphics Info: Driver file: dvipdfmx.def on input line 99.

(c:/texlive/2018/texmf-dist/tex/latex/graphics-def/dvipdfmx.def
File: dvipdfmx.def 2017/06/24 v5.0g Graphics/color driver for dvipdfmx
))
\Gin@req@height=\dimen130
\Gin@req@width=\dimen131
)
(c:/texlive/2018/texmf-dist/tex/latex/float/float.sty
Package: float 2001/11/08 v1.3d Float enhancements (AL)
\c@float@type=\count106
\float@exts=\toks21
\float@box=\box44
\@float@everytoks=\toks22
\@floatcapt=\box45
)
(c:/texlive/2018/texmf-dist/tex/latex/comment/comment.sty
\CommentStream=\write3

Excluding comment 'comment')
(c:/texlive/2018/texmf-dist/tex/platex/base/plext.sty
Package: plext 2018/09/20 v1.2j pLaTeX package file (community edition)
\@floatbox=\box46
\floatwidth=\dimen132
\floatheight=\dimen133
\floatruletick=\dimen134
\captionfloatsep=\dimen135
\captionwidth=\dimen136
\@captionbox=\box47
LaTeX Info: Redefining \parbox on input line 332.
\save@ybaselineshift=\dimen137
\save@tbaselineshift=\dimen138
\@picwd=\dimen139
\rensujiskip=\skip46
)
(c:/texlive/2018/texmf-dist/tex/generic/epsf/epsf.sty
This is `epsf.tex' v2.7.4 <14 February 2011>
\epsffilein=\read1
\epsfframemargin=\dimen140
\epsfframethickness=\dimen141
\epsfrsize=\dimen142
\epsftmp=\dimen143
\epsftsize=\dimen144
\epsfxsize=\dimen145
\epsfysize=\dimen146
\pspoints=\dimen147
) (c:/texlive/2018/texmf-dist/tex/platex/japanese-otf-uptex/otf.sty
Package: otf 2018/02/01 v1.7b7 psitau, u0.21 ttk
LaTeX Font Info:    Redeclaring symbol font `mincho' on input line 314.
LaTeX Font Info:    Overwriting symbol font `mincho' in version `normal'
(Font)                  JY1/mc/m/n --> JY1/hmc/m/n on input line 314.
LaTeX Font Info:    Overwriting symbol font `mincho' in version `bold'
(Font)                  JY1/gt/m/n --> JY1/hmc/m/n on input line 314.
LaTeX Font Info:    Overwriting symbol font `mincho' in version `bold'
(Font)                  JY1/hmc/m/n --> JY1/hmc/bx/n on input line 316.
LaTeX Font Info:    Redeclaring math alphabet \mathgt on input line 317.
LaTeX Font Info:    Overwriting math alphabet `\mathgt' in version `normal'
(Font)                  JY1/gt/m/n --> JY1/hgt/m/n on input line 317.
LaTeX Font Info:    Overwriting math alphabet `\mathgt' in version `bold'
(Font)                  JY1/gt/m/n --> JY1/hgt/m/n on input line 317.
LaTeX Font Info:    Overwriting math alphabet `\mathgt' in version `bold'
(Font)                  JY1/hgt/m/n --> JY1/hgt/bx/n on input line 318.

(c:/texlive/2018/texmf-dist/tex/platex/japanese-otf/ajmacros.sty
Package: ajmacros 2005/12/25 13:52 iNOUE Koich! <inoue@ma.ns.musashi-tech.ac.jp
>
\@tempcntc=\count107
\@tempcntd=\count108
\@tempcnte=\count109
\@tempcntf=\count110
))
(c:/texlive/2018/texmf-dist/tex/latex/base/inputenc.sty
Package: inputenc 2018/04/06 v1.3b Input encoding file
\inpenc@prehook=\toks23
\inpenc@posthook=\toks24
)
(c:/texlive/2018/texmf-dist/tex/latex/braket/braket.sty)
(c:/texlive/2018/texmf-dist/tex/latex/caption/caption.sty
Package: caption 2018/10/06 v3.3-154 Customizing captions (AR)

(c:/texlive/2018/texmf-dist/tex/latex/caption/caption3.sty
Package: caption3 2018/09/12 v1.8c caption3 kernel (AR)
Package caption3 Info: TeX engine: e-TeX on input line 64.
\captionmargin=\dimen148
\captionmargin@=\dimen149
\captionwidth=\dimen150
\caption@tempdima=\dimen151
\caption@indent=\dimen152
\caption@parindent=\dimen153
\caption@hangindent=\dimen154
Package caption Info: Unknown document class (or package),
(caption)             standard defaults will be used.
)

Package caption Warning: Unsupported document class (or package) detected,
(caption)                usage of the caption package is not recommended.
See the caption package documentation for explanation.

Package caption Info: \@makecaption = \long macro:#1#2->\vskip \abovecaptionski
p \iftdir \sbox \@tempboxa {#1\hskip 1zw#2}\else \sbox \@tempboxa {#1: #2}\fi \
ifdim \wd \@tempboxa >\hsize \iftdir #1\hskip 1zw#2\relax \par \else #1: #2\rel
ax \par \fi \else \global \@minipagefalse \hb@xt@ \hsize {\hfil \box \@tempboxa
 \hfil }\fi \vskip \belowcaptionskip .
\c@caption@flags=\count111
\c@ContinuedFloat=\count112
Package caption Info: float package is loaded.
) (c:/texlive/2018/texmf-dist/tex/latex/caption/subcaption.sty
Package: subcaption 2018/05/01 v1.1-162 Sub-captions (AR)
\c@subfigure=\count113
\c@subtable=\count114
)
(c:/texlive/2018/texmf-dist/tex/latex/multirow/multirow.sty
Package: multirow 2018/08/03 v2.3 Span multiple rows of a table
\multirow@colwidth=\skip47
\multirow@cntb=\count115
\multirow@dima=\skip48
\bigstrutjot=\dimen155
)
(./kotaro_gstudy.aux (./Chapter/Title/title.aux)
(./Chapter/Abstract/abstract.aux) (./Chapter/Chapter1/chapter1.aux)
(./Chapter/Chapter2/chapter2.aux

LaTeX Warning: Label `eq:ACJosephson' multiply defined.


LaTeX Warning: Label `fig:CooperPair' multiply defined.


LaTeX Warning: Label `eq:E_Tc' multiply defined.


LaTeX Warning: Label `tab:TcDelta' multiply defined.


LaTeX Warning: Label `fig:JosephsonJunction' multiply defined.


LaTeX Warning: Label `eq:CriticalCurrent' multiply defined.


LaTeX Warning: Label `eq:ACJosephson' multiply defined.


LaTeX Warning: Label `eq:ACJosephson_phase' multiply defined.


LaTeX Warning: Label `eq:ACJosephson_phase_time' multiply defined.


LaTeX Warning: Label `eq:ACJosephson' multiply defined.


LaTeX Warning: Label `eq:ACJosephson_fre' multiply defined.


LaTeX Warning: Label `fig:STJ_structure' multiply defined.


LaTeX Warning: Label `fig:STJ_WorkingPrinciple' multiply defined.


LaTeX Warning: Label `eq:STJ_EnergyResolution' multiply defined.


LaTeX Warning: Label `fig:STJ_leak_structure' multiply defined.


LaTeX Warning: Label `eq:STJ_leak_temp' multiply defined.


LaTeX Warning: Label `fig:STJ_IV' multiply defined.


LaTeX Warning: Label `fig:NbAlSTJ_structure' multiply defined.


LaTeX Warning: Label `fig:NbAlSTJ_backtunnel' multiply defined.


LaTeX Warning: Label `fig:NbAlSTJ_leaktemp' multiply defined.


LaTeX Warning: Label `tab:NbAlSTJ_leaksize' multiply defined.

))
\openout1 = `kotaro_gstudy.aux'.

LaTeX Font Info:    Checking defaults for OML/cmm/m/it on input line 32.
LaTeX Font Info:    ... okay on input line 32.
LaTeX Font Info:    Checking defaults for T1/cmr/m/n on input line 32.
LaTeX Font Info:    ... okay on input line 32.
LaTeX Font Info:    Checking defaults for OT1/cmr/m/n on input line 32.
LaTeX Font Info:    ... okay on input line 32.
LaTeX Font Info:    Checking defaults for OMS/cmsy/m/n on input line 32.
LaTeX Font Info:    ... okay on input line 32.
LaTeX Font Info:    Checking defaults for OMX/cmex/m/n on input line 32.
LaTeX Font Info:    ... okay on input line 32.
LaTeX Font Info:    Checking defaults for U/cmr/m/n on input line 32.
LaTeX Font Info:    ... okay on input line 32.
LaTeX Font Info:    Checking defaults for JY1/mc/m/n on input line 32.
LaTeX Font Info:    ... okay on input line 32.
LaTeX Font Info:    Checking defaults for JT1/mc/m/n on input line 32.
LaTeX Font Info:    ... okay on input line 32.
LaTeX Font Info:    Font shape `JT1/hmc/m/n' will be
(Font)              scaled to size 10.53629pt on input line 32.
LaTeX Font Info:    Font shape `JY1/hmc/m/n' will be
(Font)              scaled to size 10.53629pt on input line 32.
Package caption Info: Begin \AtBeginDocument code.
Package caption Info: End \AtBeginDocument code.
\openout2 = `./Chapter/Title/title.aux'.

 (./Chapter/Title/title.tex
LaTeX Font Info:    Font shape `JT1/hmc/m/n' will be
(Font)              scaled to size 16.62714pt on input line 4.
LaTeX Font Info:    Font shape `JY1/hmc/m/n' will be
(Font)              scaled to size 16.62714pt on input line 4.
LaTeX Font Info:    Font shape `JT1/utfj/m/9' will be
(Font)              scaled to size 16.62714pt on input line 13.
LaTeX Font Info:    Font shape `JY1/utfj/m/9' will be
(Font)              scaled to size 16.62714pt on input line 13.
 [1


] [2] [3] [4])
\openout2 = `./Chapter/Abstract/abstract.aux'.

 (./Chapter/Abstract/abstract.tex
LaTeX Font Info:    Font shape `JT1/hmc/bx/n' in size <10.95> not available
(Font)              Font shape `JT1/hgt/m/n' tried instead on input line 1.
LaTeX Font Info:    Font shape `JT1/hgt/m/n' will be
(Font)              scaled to size 10.53629pt on input line 1.
LaTeX Font Info:    Font shape `JY1/hmc/bx/n' in size <10.95> not available
(Font)              Font shape `JY1/hgt/m/n' tried instead on input line 1.
LaTeX Font Info:    Font shape `JY1/hgt/m/n' will be
(Font)              scaled to size 10.53629pt on input line 1.
LaTeX Font Info:    Font shape `JY1/hmc/m/n' will be
(Font)              scaled to size 7.69775pt on input line 8.
LaTeX Font Info:    Font shape `JY1/hmc/m/n' will be
(Font)              scaled to size 5.77332pt on input line 8.
LaTeX Font Info:    Try loading font information for U+msa on input line 8.
(c:/texlive/2018/texmf-dist/tex/latex/amsfonts/umsa.fd
File: umsa.fd 2013/01/14 v3.01 AMS symbols A
)
LaTeX Font Info:    Try loading font information for U+msb on input line 8.

(c:/texlive/2018/texmf-dist/tex/latex/amsfonts/umsb.fd
File: umsb.fd 2013/01/14 v3.01 AMS symbols B
) [1


])
LaTeX Font Info:    Font shape `JT1/hmc/m/n' will be
(Font)              scaled to size 19.95642pt on input line 37.
LaTeX Font Info:    Font shape `JY1/hmc/m/n' will be
(Font)              scaled to size 19.95642pt on input line 37.
LaTeX Font Info:    Font shape `JT1/hmc/bx/n' in size <20.74> not available
(Font)              Font shape `JT1/hgt/m/n' tried instead on input line 37.
LaTeX Font Info:    Font shape `JT1/hgt/m/n' will be
(Font)              scaled to size 19.95642pt on input line 37.
LaTeX Font Info:    Font shape `JY1/hmc/bx/n' in size <20.74> not available
(Font)              Font shape `JY1/hgt/m/n' tried instead on input line 37.
LaTeX Font Info:    Font shape `JY1/hgt/m/n' will be
(Font)              scaled to size 19.95642pt on input line 37.

(./kotaro_gstudy.toc [1


])
\tf@toc=\write4
\openout4 = `kotaro_gstudy.toc'.

 [2] (./kotaro_gstudy.lof)
\tf@lof=\write5
\openout5 = `kotaro_gstudy.lof'.

 [3


] (./kotaro_gstudy.lot)
\tf@lot=\write6
\openout6 = `kotaro_gstudy.lot'.


[4


] [1

]
\openout2 = `./Chapter/Chapter1/chapter1.aux'.

 (./Chapter/Chapter1/chapter1.tex
第 1 章
LaTeX Font Info:    Font shape `JT1/hmc/m/n' will be
(Font)              scaled to size 13.85594pt on input line 2.
LaTeX Font Info:    Font shape `JY1/hmc/m/n' will be
(Font)              scaled to size 13.85594pt on input line 2.
LaTeX Font Info:    Font shape `JT1/hmc/bx/n' in size <14.4> not available
(Font)              Font shape `JT1/hgt/m/n' tried instead on input line 2.
LaTeX Font Info:    Font shape `JT1/hgt/m/n' will be
(Font)              scaled to size 13.85594pt on input line 2.
LaTeX Font Info:    Font shape `JY1/hmc/bx/n' in size <14.4> not available
(Font)              Font shape `JY1/hgt/m/n' tried instead on input line 2.
LaTeX Font Info:    Font shape `JY1/hgt/m/n' will be
(Font)              scaled to size 13.85594pt on input line 2.
LaTeX Font Info:    Font shape `JT1/hmc/m/n' will be
(Font)              scaled to size 11.54663pt on input line 3.
LaTeX Font Info:    Font shape `JY1/hmc/m/n' will be
(Font)              scaled to size 11.54663pt on input line 3.
LaTeX Font Info:    Font shape `JT1/hmc/bx/n' in size <12> not available
(Font)              Font shape `JT1/hgt/m/n' tried instead on input line 3.
LaTeX Font Info:    Font shape `JT1/hgt/m/n' will be
(Font)              scaled to size 11.54663pt on input line 3.
LaTeX Font Info:    Font shape `JY1/hmc/bx/n' in size <12> not available
(Font)              Font shape `JY1/hgt/m/n' tried instead on input line 3.
LaTeX Font Info:    Font shape `JY1/hgt/m/n' will be
(Font)              scaled to size 11.54663pt on input line 3.
File: ./Chapter/Chapter1/Picture/2_3_1.png Graphic file (type bmp)
<./Chapter/Chapter1/Picture/2_3_1.png>
LaTeX Font Info:    Font shape `JT1/hmc/m/n' will be
(Font)              scaled to size 9.6222pt on input line 20.
LaTeX Font Info:    Font shape `JY1/hmc/m/n' will be
(Font)              scaled to size 9.6222pt on input line 20.
LaTeX Font Info:    Font shape `JT1/hmc/bx/n' in size <10> not available
(Font)              Font shape `JT1/hgt/m/n' tried instead on input line 20.
LaTeX Font Info:    Font shape `JT1/hgt/m/n' will be
(Font)              scaled to size 9.6222pt on input line 20.
LaTeX Font Info:    Font shape `JY1/hmc/bx/n' in size <10> not available
(Font)              Font shape `JY1/hgt/m/n' tried instead on input line 20.
LaTeX Font Info:    Font shape `JY1/hgt/m/n' will be
(Font)              scaled to size 9.6222pt on input line 20.
[2


]) [3]
\openout2 = `./Chapter/Chapter2/chapter2.aux'.

 (./Chapter/Chapter2/chapter2.tex
第 2 章
[4



]
LaTeX Font Info:    Font shape `JY1/hmc/m/n' will be
(Font)              scaled to size 6.73553pt on input line 56.
LaTeX Font Info:    Font shape `JY1/hmc/m/n' will be
(Font)              scaled to size 4.8111pt on input line 56.
File: ./Chapter/Chapter2/Picture/JosephsonJunction.eps Graphic file (type eps)
<./Chapter/Chapter2/Picture/JosephsonJunction.eps>
 [5]
LaTeX Font Info:    Try loading font information for OMS+cmr on input line 79.
 (c:/texlive/2018/texmf-dist/tex/latex/base/omscmr.fd
File: omscmr.fd 2014/09/29 v2.5h Standard LaTeX font definitions
)
LaTeX Font Info:    Font shape `OMS/cmr/m/n' in size <10.95> not available
(Font)              Font shape `OMS/cmsy/m/n' tried instead on input line 79.
 [6] [7] [8]
File: ./Chapter/Chapter2/Picture/STJ_leak_structure.eps Graphic file (type eps)

<./Chapter/Chapter2/Picture/STJ_leak_structure.eps>


LaTeX Warning: Citation `13' on page 9 undefined on input line 185.

[9]
File: ./Chapter/Chapter2/Picture/STJ_IV.eps Graphic file (type eps)
<./Chapter/Chapter2/Picture/STJ_IV.eps>
 [10]
File: ./Chapter/Chapter2/Picture/NbAlSTJ_structure.eps Graphic file (type eps)
<./Chapter/Chapter2/Picture/NbAlSTJ_structure.eps>
 [11]
File: ./Chapter/Chapter2/Picture/NbAlSTJ_backtunnel.eps Graphic file (type eps)

<./Chapter/Chapter2/Picture/NbAlSTJ_backtunnel.eps>
 [12]
File: ./Chapter/Chapter2/Picture/NbAlSTJ_leaktemp.eps Graphic file (type eps)
<./Chapter/Chapter2/Picture/NbAlSTJ_leaktemp.eps>
 [13] [14]
第 3 章
[15

]
File: ./Chapter/Chapter2/Picture/Cooperpair.eps Graphic file (type eps)
<./Chapter/Chapter2/Picture/Cooperpair.eps>
File: ./Chapter/Chapter2/Picture/JosephsonJunction.eps Graphic file (type eps)
<./Chapter/Chapter2/Picture/JosephsonJunction.eps>
 [16] [17]
File: ./Chapter/Chapter2/Picture/STJ_structure.eps Graphic file (type eps)
<./Chapter/Chapter2/Picture/STJ_structure.eps>
 [18]
File: ./Chapter/Chapter2/Picture/STJ_WorkingPrinciple.eps Graphic file (type ep
s)
<./Chapter/Chapter2/Picture/STJ_WorkingPrinciple.eps>
 [19] [20]
File: ./Chapter/Chapter2/Picture/STJ_leak_structure.eps Graphic file (type eps)

<./Chapter/Chapter2/Picture/STJ_leak_structure.eps>


LaTeX Warning: Citation `13' on page 21 undefined on input line 473.

File: ./Chapter/Chapter2/Picture/STJ_IV.eps Graphic file (type eps)
<./Chapter/Chapter2/Picture/STJ_IV.eps>
[21] [22]
File: ./Chapter/Chapter2/Picture/NbAlSTJ_structure.eps Graphic file (type eps)
<./Chapter/Chapter2/Picture/NbAlSTJ_structure.eps>
File: ./Chapter/Chapter2/Picture/NbAlSTJ_backtunnel.eps Graphic file (type eps)

<./Chapter/Chapter2/Picture/NbAlSTJ_backtunnel.eps>
 [23] [24]
File: ./Chapter/Chapter2/Picture/NbAlSTJ_leaktemp.eps Graphic file (type eps)
<./Chapter/Chapter2/Picture/NbAlSTJ_leaktemp.eps>
) [25] [26] (./kotaro_gstudy.aux (./Chapter/Title/title.aux) (./Chapter/Abstrac
t/abstract.aux) (./Chapter/Chapter1/chapter1.aux)
(./Chapter/Chapter2/chapter2.aux))

LaTeX Warning: There were undefined references.


LaTeX Warning: There were multiply-defined labels.

 ) 
Here is how much of TeX's memory you used:
 5061 strings out of 493248
 68960 string characters out of 6147502
 149985 words of memory out of 5000000
 8913 multiletter control sequences out of 15000+600000
 27307 words of font info for 122 fonts, out of 8000000 for 9000
 929 hyphenation exceptions out of 8191
 37i,11n,41p,965b,991s stack positions out of 5000i,500n,10000p,200000b,80000s

Output written on kotaro_gstudy.dvi (35 pages, 96692 bytes).
