This is e-upTeX, Version 3.14159265-p3.8.1-u1.23-180518-2.6 (utf8.uptex) (TeX Live 2018/W32TeX) (preloaded format=uplatex 2018.7.29)  2 NOV 2018 18:21
entering extended mode
 restricted \write18 enabled.
 %&-line parsing enabled.
**main.tex
(./main.tex
pLaTeX2e <2018-07-28u02> (based on LaTeX2e <2018-04-01> patch level 5)
(c:/w32tex/share/texmf-dist/tex/uplatex/base/ujreport.cls
Document Class: ujreport 2018/07/03 v1.8-u00 Standard upLaTeX class
\c@@paper=\count83
(c:/w32tex/share/texmf-dist/tex/uplatex/base/ujsize11.clo
File: ujsize11.clo 2018/07/03 v1.8-u00 Standard upLaTeX file (size option)
LaTeX Font Info:    Font shape `JT2/mc/m/n' will be
(Font)              scaled to size 10.53629pt on input line 28.
LaTeX Font Info:    Font shape `JY2/mc/m/n' will be
(Font)              scaled to size 10.53629pt on input line 28.
)
\c@part=\count84
\c@chapter=\count85
\c@section=\count86
\c@subsection=\count87
\c@subsubsection=\count88
\c@paragraph=\count89
\c@subparagraph=\count90
\c@figure=\count91
\c@table=\count92
\abovecaptionskip=\skip41
\belowcaptionskip=\skip42
\symmincho=\mathgroup4
LaTeX Font Info:    Overwriting symbol font `mincho' in version `bold'
(Font)                  JY2/mc/m/n --> JY2/gt/m/n on input line 704.
\toclineskip=\dimen118
\@lnumwidth=\dimen119
\bibindent=\dimen120
\heisei=\count93
) (./thesis.sty)
(c:/w32tex/share/texmf-dist/tex/latex/ascmac/ascmac.sty
Package: ascmac 2018/03/09 v2.0h ascmac wrapper (community edition) 

(c:/w32tex/share/texmf-dist/tex/latex/ascmac/tascmac.sty
Package: tascmac 2018/03/09 v2.0h ascmac package (community edition) 
\@savetbaselineshift=\dimen121
\@saveybaselineshift=\dimen122
\scb@x=\box42
\scscb@x=\box43
\@bw=\dimen123
\@nbox=\box44
\@nbody=\box45
\@scw=\dimen124
\ascmac@hoboxa=\box46
\ascmac@hoboxb=\box47
\@itemh=\dimen125
\@iboxpos=\toks15
\@iboxstr=\box48
\@bwsp=\box49
\@@bwsp=\box50
\@bcal=\count94
\shaderule=\dimen126
))
(c:/w32tex/share/texmf-dist/tex/latex/graphics/graphicx.sty
Package: graphicx 2017/06/01 v1.1a Enhanced LaTeX Graphics (DPC,SPQR)

(c:/w32tex/share/texmf-dist/tex/latex/graphics/keyval.sty
Package: keyval 2014/10/28 v1.15 key=value parser (DPC)
\KV@toks@=\toks16
)
(c:/w32tex/share/texmf-dist/tex/latex/graphics/graphics.sty
Package: graphics 2017/06/25 v1.2c Standard LaTeX Graphics (DPC,SPQR)

(c:/w32tex/share/texmf-dist/tex/latex/graphics/trig.sty
Package: trig 2016/01/03 v1.10 sin cos tan (DPC)
)
(c:/w32tex/share/texmf-dist/tex/latex/graphics-cfg/graphics.cfg
File: graphics.cfg 2016/06/04 v1.11 sample graphics configuration
)
Package graphics Info: Driver file: dvipdfmx.def on input line 99.

(c:/w32tex/share/texmf-dist/tex/latex/graphics-def/dvipdfmx.def
File: dvipdfmx.def 2017/06/24 v5.0g Graphics/color driver for dvipdfmx
))
\Gin@req@height=\dimen127
\Gin@req@width=\dimen128
)
(c:/w32tex/share/texmf-dist/tex/latex/multirow/multirow.sty
Package: multirow 2016/11/25 v2.2 Span multiple rows of a table
\multirow@colwidth=\skip43
\multirow@cntb=\count95
\multirow@dima=\skip44
\bigstrutjot=\dimen129
)
(c:/w32tex/share/texmf-dist/tex/latex/url/url.sty
\Urlmuskip=\muskip10
Package: url 2013/09/16  ver 3.4  Verb mode for urls, etc.
)
(c:/w32tex/share/texmf-dist/tex/latex/float/float.sty
Package: float 2001/11/08 v1.3d Float enhancements (AL)
\c@float@type=\count96
\float@exts=\toks17
\float@box=\box51
\@float@everytoks=\toks18
\@floatcapt=\box52
)
(c:/w32tex/share/texmf-dist/tex/latex/comment/comment.sty
\CommentStream=\write3

Excluding comment 'comment')
(c:/w32tex/share/texmf-dist/tex/platex/base/plext.sty
Package: plext 2017/07/21 v1.2h pLaTeX package file (community edition)
\@floatbox=\box53
\floatwidth=\dimen130
\floatheight=\dimen131
\floatruletick=\dimen132
\captionfloatsep=\dimen133
\captionwidth=\dimen134
\@captionbox=\box54
LaTeX Info: Redefining \parbox on input line 318.
\save@ybaselineshift=\dimen135
\save@tbaselineshift=\dimen136
\@picwd=\dimen137
\rensujiskip=\skip45
)
(c:/w32tex/share/texmf-dist/tex/latex/amsmath/amsmath.sty
Package: amsmath 2017/09/02 v2.17a AMS math features
\@mathmargin=\skip46

For additional information on amsmath, use the `?' option.
(c:/w32tex/share/texmf-dist/tex/latex/amsmath/amstext.sty
Package: amstext 2000/06/29 v2.01 AMS text

(c:/w32tex/share/texmf-dist/tex/latex/amsmath/amsgen.sty
File: amsgen.sty 1999/11/30 v2.0 generic functions
\@emptytoks=\toks19
\ex@=\dimen138
))
(c:/w32tex/share/texmf-dist/tex/latex/amsmath/amsbsy.sty
Package: amsbsy 1999/11/29 v1.2d Bold Symbols
\pmbraise@=\dimen139
)
(c:/w32tex/share/texmf-dist/tex/latex/amsmath/amsopn.sty
Package: amsopn 2016/03/08 v2.02 operator names
)
\inf@bad=\count97
LaTeX Info: Redefining \frac on input line 213.
\uproot@=\count98
\leftroot@=\count99
LaTeX Info: Redefining \overline on input line 375.
\classnum@=\count100
\DOTSCASE@=\count101
LaTeX Info: Redefining \ldots on input line 472.
LaTeX Info: Redefining \dots on input line 475.
LaTeX Info: Redefining \cdots on input line 596.
\Mathstrutbox@=\box55
\strutbox@=\box56
\big@size=\dimen140
LaTeX Font Info:    Redeclaring font encoding OML on input line 712.
LaTeX Font Info:    Redeclaring font encoding OMS on input line 713.
\macc@depth=\count102
\c@MaxMatrixCols=\count103
\dotsspace@=\muskip11
\c@parentequation=\count104
\dspbrk@lvl=\count105
\tag@help=\toks20
\row@=\count106
\column@=\count107
\maxfields@=\count108
\andhelp@=\toks21
\eqnshift@=\dimen141
\alignsep@=\dimen142
\tagshift@=\dimen143
\tagwidth@=\dimen144
\totwidth@=\dimen145
\lineht@=\dimen146
\@envbody=\toks22
\multlinegap=\skip47
\multlinetaggap=\skip48
\mathdisplay@stack=\toks23
LaTeX Info: Redefining \[ on input line 2817.
LaTeX Info: Redefining \] on input line 2818.
)
(c:/w32tex/share/texmf-dist/tex/platex/japanese-otf/otf.sty
Package: otf 2018/02/01 v1.7b7 psitau, u0.21 ttk
LaTeX Font Info:    Redeclaring symbol font `mincho' on input line 314.
LaTeX Font Info:    Overwriting symbol font `mincho' in version `normal'
(Font)                  JY2/mc/m/n --> JY2/hmc/m/n on input line 314.
LaTeX Font Info:    Overwriting symbol font `mincho' in version `bold'
(Font)                  JY2/gt/m/n --> JY2/hmc/m/n on input line 314.
LaTeX Font Info:    Overwriting symbol font `mincho' in version `bold'
(Font)                  JY2/hmc/m/n --> JY2/hmc/bx/n on input line 316.
LaTeX Font Info:    Redeclaring math alphabet \mathgt on input line 317.
LaTeX Font Info:    Overwriting math alphabet `\mathgt' in version `normal'
(Font)                  JY2/gt/m/n --> JY2/hgt/m/n on input line 317.
LaTeX Font Info:    Overwriting math alphabet `\mathgt' in version `bold'
(Font)                  JY2/gt/m/n --> JY2/hgt/m/n on input line 317.
LaTeX Font Info:    Overwriting math alphabet `\mathgt' in version `bold'
(Font)                  JY2/hgt/m/n --> JY2/hgt/bx/n on input line 318.

(c:/w32tex/share/texmf-dist/tex/platex/japanese-otf/ajmacros.sty
Package: ajmacros 2005/12/25 13:52 iNOUE Koich! <inoue@ma.ns.musashi-tech.ac.jp
>
\@tempcntc=\count109
\@tempcntd=\count110
\@tempcnte=\count111
\@tempcntf=\count112
))
No file main.aux.
\openout1 = `main.aux'.

LaTeX Font Info:    Checking defaults for OML/cmm/m/it on input line 115.
LaTeX Font Info:    ... okay on input line 115.
LaTeX Font Info:    Checking defaults for T1/cmr/m/n on input line 115.
LaTeX Font Info:    ... okay on input line 115.
LaTeX Font Info:    Checking defaults for OT1/cmr/m/n on input line 115.
LaTeX Font Info:    ... okay on input line 115.
LaTeX Font Info:    Checking defaults for OMS/cmsy/m/n on input line 115.
LaTeX Font Info:    ... okay on input line 115.
LaTeX Font Info:    Checking defaults for OMX/cmex/m/n on input line 115.
LaTeX Font Info:    ... okay on input line 115.
LaTeX Font Info:    Checking defaults for U/cmr/m/n on input line 115.
LaTeX Font Info:    ... okay on input line 115.
LaTeX Font Info:    Checking defaults for JY2/mc/m/n on input line 115.
LaTeX Font Info:    ... okay on input line 115.
LaTeX Font Info:    Checking defaults for JT2/mc/m/n on input line 115.
LaTeX Font Info:    ... okay on input line 115.
LaTeX Font Info:    Font shape `JT2/hmc/m/n' will be
(Font)              scaled to size 10.53629pt on input line 115.
LaTeX Font Info:    Font shape `JY2/hmc/m/n' will be
(Font)              scaled to size 10.53629pt on input line 115.
LaTeX Font Info:    Font shape `JT2/hmc/m/n' will be
(Font)              scaled to size 13.85594pt on input line 118.
LaTeX Font Info:    Font shape `JY2/hmc/m/n' will be
(Font)              scaled to size 13.85594pt on input line 118.
LaTeX Font Info:    Font shape `JT2/hmc/m/n' will be
(Font)              scaled to size 19.95642pt on input line 118.
LaTeX Font Info:    Font shape `JY2/hmc/m/n' will be
(Font)              scaled to size 19.95642pt on input line 118.
LaTeX Font Info:    Font shape `JT2/hmc/bx/n' will be
(Font)              scaled to size 19.95642pt on input line 118.
LaTeX Font Info:    Font shape `JY2/hmc/bx/n' will be
(Font)              scaled to size 19.95642pt on input line 118.
LaTeX Font Info:    Font shape `JT2/hmc/m/n' will be
(Font)              scaled to size 16.62714pt on input line 118.
LaTeX Font Info:    Font shape `JY2/hmc/m/n' will be
(Font)              scaled to size 16.62714pt on input line 118.
LaTeX Font Info:    Font shape `JT2/cidj/m/2' will be
(Font)              scaled to size 16.62714pt on input line 118.
LaTeX Font Info:    Font shape `JY2/cidj/m/2' will be
(Font)              scaled to size 16.62714pt on input line 118.
[1

]
LaTeX Font Info:    Font shape `JT2/hmc/m/n' will be
(Font)              scaled to size 9.6222pt on input line 118.
LaTeX Font Info:    Font shape `JY2/hmc/m/n' will be
(Font)              scaled to size 9.6222pt on input line 118.
 [2]
\openout2 = `00_abstract.aux'.

 (./00_abstract.tex
LaTeX Font Info:    Font shape `JT2/hmc/bx/n' will be
(Font)              scaled to size 13.85594pt on input line 8.
LaTeX Font Info:    Font shape `JY2/hmc/bx/n' will be
(Font)              scaled to size 13.85594pt on input line 8.
LaTeX Font Info:    Font shape `JT2/hmc/bx/n' will be
(Font)              scaled to size 16.62714pt on input line 8.
LaTeX Font Info:    Font shape `JY2/hmc/bx/n' will be
(Font)              scaled to size 16.62714pt on input line 8.
LaTeX Font Info:    Font shape `JY2/hmc/m/n' will be
(Font)              scaled to size 7.69775pt on input line 9.
LaTeX Font Info:    Font shape `JY2/hmc/m/n' will be
(Font)              scaled to size 5.77332pt on input line 9.
LaTeX Font Info:    Font shape `JT2/cidj/m/2' will be
(Font)              scaled to size 10.53629pt on input line 10.
LaTeX Font Info:    Font shape `JY2/cidj/m/2' will be
(Font)              scaled to size 10.53629pt on input line 10.
 [1


] [2

])
No file main.toc.
\tf@toc=\write4
\openout4 = `main.toc'.

[3

]
No file main.lof.
\tf@lof=\write5
\openout5 = `main.lof'.

[4]
No file main.lot.
\tf@lot=\write6
\openout6 = `main.lot'.

[5] [6

] (./main.aux (./00_abstract.aux)) ) 
Here is how much of TeX's memory you used:
 4315 strings out of 493238
 58946 string characters out of 6146269
 120756 words of memory out of 5000000
 8272 multiletter control sequences out of 15000+600000
 16264 words of font info for 75 fonts, out of 8000000 for 9000
 929 hyphenation exceptions out of 8191
 27i,4n,22p,1521b,991s stack positions out of 5000i,500n,10000p,500000b,80000s

Output written on main.dvi (8 pages, 4428 bytes).
